--------------------------------------------------
Timestamp: 2024-11-15 18:24:22
Site Access Location: Honiton stataion turnel
Duty SAC Manager: Zubi Belonwu
Pod 1 Usage: 
Pod 2 Usage: 
Pod 3 Usage: 
Pod 4 Usage: 
Pod 5 Usage: 
Male Toilet Usage: 
Female Toilet Usage: 
Storage Usage: 
Oil Gauge Status (%): 
Fuel Gauge Status (%): 
Power Status: 
Comments: 
--------------------------------------------------
Timestamp: 2024-11-15 23:29:33
Site Access Location: Honiton train station tunell baricade
Duty SAC Manager: Zubi Belonwu
Welfare Pod No.: STR1024345
Pod 1 Usage: Tolets male & Female
Pod 2 Usage: 
Pod 3 Usage: 
Pod 4 Usage: 
Pod 5 Usage: 
Male Toilet Usage: 
Female Toilet Usage: 
Storage Usage: 
Oil Gauge Status (%): 
Fuel Gauge Status (%): 
Power Status: 
Comments: 
---------------------------------------------
