--------------------------------------------------
Data Collection Timestamp: 2024-11-26 12:54:54
Duty SAC Name: Zubi
Site Location: 
Report Date: 2024-11-26
Report Time: 12:54
--------------------------------------------------
POD 1 Statistics:
Welfare POD Number: 
Male Toilet Cleaned: 
Female Toilet Cleaned: 
Storage Usage: 
Oil Levels Gauge (%): 
Diesel Levels Gauge (%): 
Power Status: 
Comments: 
--------------------------------------------------
POD 2 Statistics:
Welfare POD Number: 
Male Toilet Cleaned: 
Female Toilet Cleaned: 
Storage Usage: 
Oil Levels Gauge (%): 
Diesel Levels Gauge (%): 
Power Status: 
Comments: 
--------------------------------------------------
POD 3 Statistics:
Welfare POD Number: 
Male Toilet Cleaned: 
Female Toilet Cleaned: 
Storage Usage: 
Oil Levels Gauge (%): 
Diesel Levels Gauge (%): 
Power Status: 
Comments: 
--------------------------------------------------
POD 4 Statistics:
Welfare POD Number: 
Male Toilet Cleaned: 
Female Toilet Cleaned: 
Storage Usage: 
Oil Levels Gauge (%): 
Diesel Levels Gauge (%): 
Power Status: 
Comments: 
--------------------------------------------------
POD 5 Statistics:
Welfare POD Number: 
Male Toilet Cleaned: 
Female Toilet Cleaned: 
Storage Usage: 
Oil Levels Gauge (%): 
Diesel Levels Gauge (%): 
Power Status: 
Comments: 
--------------------------------------------------
--------------------------------------------------
Data Collection Timestamp: 2024-12-10 20:41:45
Duty SAC Name: 
Site Location: 
Report Date: 2024-12-10
Report Time: 20:41
--------------------------------------------------
POD 1 Statistics:
Welfare POD Number: 
Male Toilet Cleaned: 
Female Toilet Cleaned: 
Storage Usage: 
Oil Levels Gauge (%): 
Diesel Levels Gauge (%): 
Power Status: 
Comments: 
--------------------------------------------------
POD 2 Statistics:
Welfare POD Number: 
Male Toilet Cleaned: 
Female Toilet Cleaned: 
Storage Usage: 
Oil Levels Gauge (%): 
Diesel Levels Gauge (%): 
Power Status: 
Comments: 
--------------------------------------------------
POD 3 Statistics:
Welfare POD Number: 
Male Toilet Cleaned: 
Female Toilet Cleaned: 
Storage Usage: 
Oil Levels Gauge (%): 
Diesel Levels Gauge (%): 
Power Status: 
Comments: 
--------------------------------------------------
POD 4 Statistics: 
Welfare POD Number: 
Male Toilet Cleaned: 
Female Toilet Cleaned: 
Storage Usage: 
Oil Levels Gauge (%): 
Diesel Levels Gauge (%): 
Power Status: 
Comments: 
--------------------------------------------------
POD 5 Statistics:
Welfare POD Number: 
Male Toilet Cleaned: 
Female Toilet Cleaned: 
Storage Usage: 
Oil Levels Gauge (%): 
Diesel Levels Gauge (%): 
Power Status: 
Comments: 
--------------------------------------------------
